[
  {
    "ok": true,
    "output": "bare-name"
  },
  {
    "ok": true,
    "output": 6.28
  },
  {
    "ok": true,
    "output": [
      "foo"
    ]
  },
  {
    "ok": true,
    "output": [
      "john",
      "paul",
      "george",
      "ringo"
    ]
  },
  {
    "ok": false,
    "type": "SyntaxError",
    "exception": [
      "unbalanced parens"
    ]
  },
  {
    "ok": false,
    "type": "SyntaxError",
    "exception": [
      "expected closing round bracket"
    ]
  },
  {
    "ok": false,
    "type": "SyntaxError",
    "exception": [
      "unexpected closing round bracket"
    ]
  },
  {
    "ok": true,
    "output": "foo"
  },
  {
    "ok": true,
    "output": [
      "numbers",
      3.14,
      3,
      -2,
      -2.4
    ]
  },
  {
    "ok": true,
    "output": [
      "multi",
      "line",
      "statement"
    ]
  },
  {
    "ok": true,
    "output": [
      "with",
      "comments"
    ]
  },
  {
    "ok": true,
    "output": [
      "multiline",
      "statement"
    ]
  },
  {
    "ok": true,
    "output": [
      "weird",
      "white",
      "space"
    ]
  },
  {
    "ok": true,
    "output": [
      "w3!|]\\d5y8[]1$"
    ]
  },
  {
    "ok": true,
    "output": [
      "nested",
      [
        "expressions",
        [
          "test"
        ],
        [
          "is",
          "here"
        ],
        [
          [
            [
              [
                "now"
              ]
            ]
          ]
        ]
      ]
    ]
  }
]